Thu, 07 Jun 18 23:15:48 +0000 : MySQLDB.php : 5b19bca41a2b9 : notice : connected to server
Thu, 07 Jun 18 23:15:48 +0000 : MySQLDB.php : 5b19bca41a2b9 : notice :  php_comdb  database selected 
Thu, 07 Jun 18 23:21:27 +0000 : MySQLDB.php : 5b19bdf73710d : notice : connected to server
Thu, 07 Jun 18 23:21:27 +0000 : MySQLDB.php : 5b19bdf73710d : notice :  php_comdb  database selected 
Thu, 07 Jun 18 23:22:53 +0000 : MySQLDB.php : 5b19be4dc8994 : notice : connected to server
Thu, 07 Jun 18 23:22:53 +0000 : MySQLDB.php : 5b19be4dc8994 : notice :  php_comdb  database selected 
Thu, 07 Jun 18 23:23:25 +0000 : MySQLDB.php : 5b19be6dc1385 : notice : connected to server
Thu, 07 Jun 18 23:23:25 +0000 : MySQLDB.php : 5b19be6dc1385 : notice :  php_comdb  database selected 
Thu, 07 Jun 18 23:31:38 +0000 : MySQLDB.php : 5b19c05a1c746 : notice : connected to server
Thu, 07 Jun 18 23:31:38 +0000 : MySQLDB.php : 5b19c05a1c746 : notice :  php_comdb  database selected 
Thu, 07 Jun 18 23:32:19 +0000 : MySQLDB.php : 5b19c083b813b : notice : connected to server
Thu, 07 Jun 18 23:32:19 +0000 : MySQLDB.php : 5b19c083b813b : notice :  php_comdb  database selected 
Thu, 07 Jun 18 23:32:27 +0000 : MySQLDB.php : 5b19c08b02e93 : notice : connected to server
Thu, 07 Jun 18 23:32:27 +0000 : MySQLDB.php : 5b19c08b02e93 : notice :  php_comdb  database selected 
Thu, 07 Jun 18 23:33:04 +0000 : MySQLDB.php : 5b19c0b079f38 : notice : connected to server
Thu, 07 Jun 18 23:33:04 +0000 : MySQLDB.php : 5b19c0b079f38 : notice :  php_comdb  database selected 
Thu, 07 Jun 18 23:35:25 +0000 : MySQLDB.php : 5b19c13d3fd31 : notice : connected to server
Thu, 07 Jun 18 23:35:25 +0000 : MySQLDB.php : 5b19c13d3fd31 : notice :  php_comdb  database selected 
Thu, 07 Jun 18 23:36:00 +0000 : MySQLDB.php : 5b19c160d45d2 : notice : connected to server
Thu, 07 Jun 18 23:36:00 +0000 : MySQLDB.php : 5b19c160d45d2 : notice :  php_comdb  database selected 
Thu, 07 Jun 18 23:37:01 +0000 : MySQLDB.php : 5b19c19ddd71f : notice : connected to server
Thu, 07 Jun 18 23:37:01 +0000 : MySQLDB.php : 5b19c19ddd71f : notice :  php_comdb  database selected 
Thu, 07 Jun 18 23:37:23 +0000 : MySQLDB.php : 5b19c1b3ef3c9 : notice : connected to server
Thu, 07 Jun 18 23:37:23 +0000 : MySQLDB.php : 5b19c1b3ef3c9 : notice :  php_comdb  database selected 
Thu, 07 Jun 18 23:38:08 +0000 : MySQLDB.php : 5b19c1e03b0f7 : notice : connected to server
Thu, 07 Jun 18 23:38:08 +0000 : MySQLDB.php : 5b19c1e03b0f7 : notice :  php_comdb  database selected 
Thu, 07 Jun 18 23:52:29 +0000 : MySQLDB.php : 5b19c53d51364 : notice : connected to server
Thu, 07 Jun 18 23:52:29 +0000 : MySQLDB.php : 5b19c53d51364 : notice :  php_comdb  database selected 
Thu, 07 Jun 18 23:54:14 +0000 : MySQLDB.php : 5b19c5a6a450a : notice : connected to server
Thu, 07 Jun 18 23:54:14 +0000 : MySQLDB.php : 5b19c5a6a450a : notice :  php_comdb  database selected 
Thu, 07 Jun 18 23:56:07 +0000 : MySQLDB.php : 5b19c6177504e : notice : connected to server
Thu, 07 Jun 18 23:56:07 +0000 : MySQLDB.php : 5b19c6177504e : notice :  php_comdb  database selected 
Sat, 09 Jun 18 01:49:55 +0000 : MySQLDB.php : 5b1b32431f56b : notice : connected to server
Sat, 09 Jun 18 01:49:55 +0000 : MySQLDB.php : 5b1b32431f56b : notice :  php_comdb  database selected 
Sat, 09 Jun 18 08:45:47 +0000 : MySQLDB.php : 5b1b93bae57d6 : notice : connected to server
Sat, 09 Jun 18 08:47:17 +0000 : MySQLDB.php : 5b1b9415b2c17 : notice : connected to server
Sat, 09 Jun 18 09:32:22 +0000 : MySQLDB.php : 5b1b9e9fd4484 : notice : connected to server
Sat, 09 Jun 18 09:34:19 +0000 : MySQLDB.php : 5b1b9f1b380bc : notice : connected to server
Sat, 09 Jun 18 09:36:29 +0000 : MySQLDB.php : 5b1b9f9d27cb3 : notice : connected to server
Sat, 09 Jun 18 09:37:41 +0000 : MySQLDB.php : 5b1b9fe52cf33 : notice : connected to server
Sat, 09 Jun 18 09:39:13 +0000 : MySQLDB.php : 5b1ba0417c1eb : notice : connected to server
Sat, 09 Jun 18 09:39:38 +0000 : MySQLDB.php : 5b1ba05a980f0 : notice : connected to server
Sat, 09 Jun 18 09:39:42 +0000 : MySQLDB.php : 5b1ba05ecf0c9 : notice : connected to server
Sat, 09 Jun 18 09:43:52 +0000 : MySQLDB.php : 5b1ba158b9a30 : notice : connected to server
Sat, 09 Jun 18 09:44:49 +0000 : MySQLDB.php : 5b1ba1915c306 : notice : connected to server
Sat, 09 Jun 18 09:45:43 +0000 : MySQLDB.php : 5b1ba1c71fe78 : notice : connected to server
Sat, 09 Jun 18 09:48:55 +0000 : MySQLDB.php : 5b1ba2871d36e : notice : connected to server
Sat, 09 Jun 18 09:49:10 +0000 : MySQLDB.php : 5b1ba296a9530 : notice : connected to server
Sat, 09 Jun 18 09:50:13 +0000 : MySQLDB.php : 5b1ba2d59c499 : notice : connected to server
Sat, 09 Jun 18 09:51:12 +0000 : MySQLDB.php : 5b1ba30fb8afd : notice : connected to server
Sat, 09 Jun 18 09:54:36 +0000 : MySQLDB.php : 5b1ba3dbea2b5 : notice : connected to server
Sat, 09 Jun 18 09:54:36 +0000 : MySQLDB.php : 5b1ba3dbea2b5 : notice : Closing log
Sat, 09 Jun 18 09:54:43 +0000 : MySQLDB.php : 5b1ba3e33de86 : notice : connected to server
Sat, 09 Jun 18 09:54:43 +0000 : MySQLDB.php : 5b1ba3e33de86 : notice : Closing log
Sat, 09 Jun 18 09:55:53 +0000 : MySQLDB.php : 5b1ba42958c40 : notice : connected to server
Sat, 09 Jun 18 09:55:53 +0000 : MySQLDB.php : 5b1ba42958c40 : notice : Closing log
Sat, 09 Jun 18 09:56:20 +0000 : MySQLDB.php : 5b1ba44478650 : notice : connected to server
Sat, 09 Jun 18 09:56:20 +0000 : MySQLDB.php : 5b1ba44478650 : notice : Closing log
Sat, 09 Jun 18 09:56:24 +0000 : MySQLDB.php : 5b1ba4488c789 : notice : connected to server
Sat, 09 Jun 18 09:56:24 +0000 : MySQLDB.php : 5b1ba4488c789 : notice : Closing log
Sat, 09 Jun 18 09:57:25 +0000 : MySQLDB.php : 5b1ba4859dece : notice : connected to server
Sat, 09 Jun 18 09:57:25 +0000 : MySQLDB.php : 5b1ba4859dece : notice : Closing log
Sat, 09 Jun 18 09:57:49 +0000 : MySQLDB.php : 5b1ba49d38b13 : notice : connected to server
Sat, 09 Jun 18 09:57:49 +0000 : MySQLDB.php : 5b1ba49d38b13 : notice : Closing log
Sat, 09 Jun 18 09:58:23 +0000 : MySQLDB.php : 5b1ba4bfdf6fb : notice : connected to server
Sat, 09 Jun 18 09:58:24 +0000 : MySQLDB.php : 5b1ba4bfdf6fb : notice : Closing log
Sat, 09 Jun 18 09:59:20 +0000 : MySQLDB.php : 5b1ba4f8a5259 : notice : connected to server
Sat, 09 Jun 18 09:59:20 +0000 : MySQLDB.php : 5b1ba4f8a5259 : notice : Closing log
Sat, 09 Jun 18 10:01:49 +0000 : MySQLDB.php : 5b1ba58d87f9d : notice : connected to server
Sat, 09 Jun 18 10:01:49 +0000 : MySQLDB.php : 5b1ba58d87f9d : notice : Closing log
Sat, 09 Jun 18 10:02:12 +0000 : MySQLDB.php : 5b1ba5a3cbab7 : notice : connected to server
Sat, 09 Jun 18 10:02:12 +0000 : MySQLDB.php : 5b1ba5a3cbab7 : notice : Closing log
Sat, 09 Jun 18 10:02:25 +0000 : MySQLDB.php : 5b1ba5b15fb47 : notice : connected to server
Sat, 09 Jun 18 10:02:25 +0000 : MySQLDB.php : 5b1ba5b15fb47 : notice : Closing log
Sat, 09 Jun 18 10:03:32 +0000 : MySQLDB.php : 5b1ba5f465478 : notice : connected to server
Sat, 09 Jun 18 10:03:32 +0000 : MySQLDB.php : 5b1ba5f465478 : notice : Closing log
Sat, 09 Jun 18 10:04:03 +0000 : MySQLDB.php : 5b1ba6134a5df : notice : connected to server
Sat, 09 Jun 18 10:04:03 +0000 : MySQLDB.php : 5b1ba6134a5df : notice : Closing log
Sat, 09 Jun 18 10:29:44 +0000 : MySQLDB.php : 5b1bac18cb509 : notice : connected to server
Sat, 09 Jun 18 10:29:45 +0000 : MySQLDB.php : 5b1bac18cb509 : notice : Closing log
Sat, 09 Jun 18 10:30:43 +0000 : MySQLDB.php : 5b1bac537a58d : notice : connected to server
Sat, 09 Jun 18 10:30:43 +0000 : MySQLDB.php : 5b1bac537a58d : notice : Closing log
Sat, 09 Jun 18 10:31:50 +0000 : MySQLDB.php : 5b1bac96606cf : notice : connected to server
Sat, 09 Jun 18 10:31:50 +0000 : MySQLDB.php : 5b1bac96606cf : notice : Closing log
Sat, 09 Jun 18 22:20:31 +0000 : MySQLDB.php : 5b1c52abe8113 : notice : connected to server
Sat, 09 Jun 18 22:20:32 +0000 : MySQLDB.php : 5b1c52abe8113 : notice : Closing log
Sat, 09 Jun 18 22:21:43 +0000 : MySQLDB.php : 5b1c52f7815ce : notice : connected to server
Sat, 09 Jun 18 22:21:43 +0000 : MySQLDB.php : 5b1c52f7815ce : notice : Closing log
Sat, 09 Jun 18 22:22:10 +0000 : MySQLDB.php : 5b1c531290e0a : notice : connected to server
Sat, 09 Jun 18 22:22:11 +0000 : MySQLDB.php : 5b1c531290e0a : notice : Closing log
Sat, 09 Jun 18 23:40:40 +0000 : MySQLDB.php : 5b1c6575d6c2b : notice : connected to server
Sat, 09 Jun 18 23:40:41 +0000 : MySQLDB.php : 5b1c6575d6c2b : notice : Closing log
Sun, 10 Jun 18 00:06:31 +0000 : MySQLDB.php : 5b1c6b86d09d4 : notice : connected to server
Sun, 10 Jun 18 00:06:31 +0000 : MySQLDB.php : 5b1c6b86d09d4 : notice : Closing log
Sun, 10 Jun 18 00:08:03 +0000 : MySQLDB.php : 5b1c6be3b26ac : notice : connected to server
Sun, 10 Jun 18 00:08:03 +0000 : MySQLDB.php : 5b1c6be3b26ac : notice : Closing log
Sun, 10 Jun 18 01:58:06 +0000 : MySQLDB.php : 5b1c85a8bbd2f : notice : connected to server
Sun, 10 Jun 18 01:58:11 +0000 : MySQLDB.php : 5b1c85a8bbd2f : notice : Closing log
Sun, 10 Jun 18 02:03:15 +0000 : MySQLDB.php : 5b1c86e397730 : notice : connected to server
Sun, 10 Jun 18 02:03:15 +0000 : MySQLDB.php : 5b1c86e397730 : notice : Closing log
Sun, 10 Jun 18 03:34:43 +0000 : MySQLDB.php : 5b1c9c53b16f6 : notice : connected to server
Sun, 10 Jun 18 03:39:30 +0000 : MySQLDB.php : 5b1c9d725d0f1 : notice : connected to server
Sun, 10 Jun 18 03:40:10 +0000 : MySQLDB.php : 5b1c9d9aba26f : notice : connected to server
Sun, 10 Jun 18 03:58:36 +0000 : MySQLDB.php : 5b1ca1ece5acd : notice : connected to server
Sun, 10 Jun 18 03:58:37 +0000 : MySQLDB.php : 5b1ca1ece5acd : notice : Closing log
Sun, 10 Jun 18 03:59:12 +0000 : MySQLDB.php : 5b1ca2100261b : notice : connected to server
Sun, 10 Jun 18 03:59:12 +0000 : MySQLDB.php : 5b1ca2100261b : notice : Closing log
Sun, 10 Jun 18 03:59:31 +0000 : MySQLDB.php : 5b1ca22322a19 : notice : connected to server
Sun, 10 Jun 18 03:59:31 +0000 : MySQLDB.php : 5b1ca22322a19 : notice : Closing log
Sun, 10 Jun 18 04:02:03 +0000 : MySQLDB.php : 5b1ca2bb14654 : notice : connected to server
Sun, 10 Jun 18 04:02:03 +0000 : MySQLDB.php : 5b1ca2bb14654 : notice : Closing log
Sun, 10 Jun 18 04:02:30 +0000 : MySQLDB.php : 5b1ca2d61e89e : notice : connected to server
Sun, 10 Jun 18 04:02:30 +0000 : MySQLDB.php : 5b1ca2d61e89e : notice : Closing log
Sun, 10 Jun 18 04:03:18 +0000 : MySQLDB.php : 5b1ca30658d45 : notice : connected to server
Sun, 10 Jun 18 04:03:18 +0000 : MySQLDB.php : 5b1ca30658d45 : notice : Closing log
Sun, 10 Jun 18 04:03:58 +0000 : MySQLDB.php : 5b1ca32ea457f : notice : connected to server
Sun, 10 Jun 18 04:03:58 +0000 : MySQLDB.php : 5b1ca32ea457f : notice : Closing log
Sun, 10 Jun 18 04:04:25 +0000 : MySQLDB.php : 5b1ca348c2bcd : notice : connected to server
Sun, 10 Jun 18 04:04:25 +0000 : MySQLDB.php : 5b1ca348c2bcd : notice : Closing log
Sun, 10 Jun 18 04:05:40 +0000 : MySQLDB.php : 5b1ca39443212 : notice : connected to server
Sun, 10 Jun 18 04:05:40 +0000 : MySQLDB.php : 5b1ca39443212 : notice : Closing log
Sun, 10 Jun 18 04:06:40 +0000 : MySQLDB.php : 5b1ca3d04280a : notice : connected to server
Sun, 10 Jun 18 04:06:41 +0000 : MySQLDB.php : 5b1ca3d04280a : notice : Closing log
Sun, 10 Jun 18 04:09:46 +0000 : MySQLDB.php : 5b1ca48a518d4 : notice : connected to server
Sun, 10 Jun 18 04:09:46 +0000 : MySQLDB.php : 5b1ca48a518d4 : notice : Closing log
Sun, 10 Jun 18 04:09:55 +0000 : MySQLDB.php : 5b1ca49306b8d : notice : connected to server
Sun, 10 Jun 18 04:09:55 +0000 : MySQLDB.php : 5b1ca49306b8d : notice : Closing log
Sun, 10 Jun 18 04:11:27 +0000 : MySQLDB.php : 5b1ca4ef0a72c : notice : connected to server
Sun, 10 Jun 18 04:11:27 +0000 : MySQLDB.php : 5b1ca4ef0a72c : notice : Closing log
Sun, 10 Jun 18 04:12:24 +0000 : MySQLDB.php : 5b1ca528090c0 : notice : connected to server
Sun, 10 Jun 18 04:12:24 +0000 : MySQLDB.php : 5b1ca528090c0 : notice : Closing log
Sun, 10 Jun 18 04:13:28 +0000 : MySQLDB.php : 5b1ca5683f2a9 : notice : connected to server
Sun, 10 Jun 18 04:13:28 +0000 : MySQLDB.php : 5b1ca5683f2a9 : notice : Closing log
Sun, 10 Jun 18 04:14:05 +0000 : MySQLDB.php : 5b1ca58de76ad : notice : connected to server
Sun, 10 Jun 18 04:14:06 +0000 : MySQLDB.php : 5b1ca58de76ad : notice : Closing log
Sun, 10 Jun 18 04:16:43 +0000 : MySQLDB.php : 5b1ca62ba3cba : notice : connected to server
Sun, 10 Jun 18 04:16:43 +0000 : MySQLDB.php : 5b1ca62ba3cba : notice : Closing log
Sun, 10 Jun 18 04:23:20 +0000 : MySQLDB.php : 5b1ca7b8a56ee : notice : connected to server
Sun, 10 Jun 18 04:23:20 +0000 : MySQLDB.php : 5b1ca7b8a56ee : notice : Closing log
Sun, 10 Jun 18 04:23:31 +0000 : MySQLDB.php : 5b1ca7c358309 : notice : connected to server
Sun, 10 Jun 18 04:23:31 +0000 : MySQLDB.php : 5b1ca7c358309 : notice : Closing log
Sun, 10 Jun 18 04:24:56 +0000 : MySQLDB.php : 5b1ca818a9371 : notice : connected to server
Sun, 10 Jun 18 04:24:56 +0000 : MySQLDB.php : 5b1ca818a9371 : notice : Closing log
Sun, 10 Jun 18 04:24:58 +0000 : MySQLDB.php : 5b1ca81ac60db : notice : connected to server
Sun, 10 Jun 18 04:24:59 +0000 : MySQLDB.php : 5b1ca81ac60db : notice : Closing log
Sun, 10 Jun 18 04:25:06 +0000 : MySQLDB.php : 5b1ca822ebc3d : notice : connected to server
Sun, 10 Jun 18 04:25:07 +0000 : MySQLDB.php : 5b1ca822ebc3d : notice : Closing log
Sun, 10 Jun 18 04:25:10 +0000 : MySQLDB.php : 5b1ca825e20a6 : notice : connected to server
Sun, 10 Jun 18 04:25:10 +0000 : MySQLDB.php : 5b1ca825e20a6 : notice : Closing log
Sun, 10 Jun 18 04:32:16 +0000 : MySQLDB.php : 5b1ca9d0d284a : notice : connected to server
Sun, 10 Jun 18 04:32:17 +0000 : MySQLDB.php : 5b1ca9d0d284a : notice : Closing log
Sun, 10 Jun 18 04:32:31 +0000 : MySQLDB.php : 5b1ca9dfa1e58 : notice : connected to server
Sun, 10 Jun 18 04:32:33 +0000 : MySQLDB.php : 5b1ca9dfa1e58 : notice : Closing log
Sun, 10 Jun 18 04:32:41 +0000 : MySQLDB.php : 5b1ca9e9b7089 : notice : connected to server
Sun, 10 Jun 18 04:32:41 +0000 : MySQLDB.php : 5b1ca9e9b7089 : notice : Closing log
Sun, 10 Jun 18 04:33:08 +0000 : MySQLDB.php : 5b1caa047b97c : notice : connected to server
Sun, 10 Jun 18 04:33:08 +0000 : MySQLDB.php : 5b1caa047b97c : notice : Closing log
Sun, 10 Jun 18 04:33:23 +0000 : MySQLDB.php : 5b1caa1303ad9 : notice : connected to server
Sun, 10 Jun 18 04:33:23 +0000 : MySQLDB.php : 5b1caa1303ad9 : notice : Closing log
Sun, 10 Jun 18 04:34:28 +0000 : MySQLDB.php : 5b1caa541a8f5 : notice : connected to server
Sun, 10 Jun 18 04:34:29 +0000 : MySQLDB.php : 5b1caa541a8f5 : notice : Closing log
Sun, 10 Jun 18 04:37:22 +0000 : MySQLDB.php : 5b1cab0206488 : notice : connected to server
Sun, 10 Jun 18 04:37:23 +0000 : MySQLDB.php : 5b1cab0206488 : notice : Closing log
Sun, 10 Jun 18 04:40:32 +0000 : MySQLDB.php : 5b1cabc0968bd : notice : connected to server
Sun, 10 Jun 18 04:40:32 +0000 : MySQLDB.php : 5b1cabc0968bd : notice : Closing log
Sun, 10 Jun 18 04:40:52 +0000 : MySQLDB.php : 5b1cabd4b1703 : notice : connected to server
Sun, 10 Jun 18 04:40:52 +0000 : MySQLDB.php : 5b1cabd4b1703 : notice : Closing log
Sun, 10 Jun 18 04:41:07 +0000 : MySQLDB.php : 5b1cabe34e46e : notice : connected to server
Sun, 10 Jun 18 04:41:07 +0000 : MySQLDB.php : 5b1cabe34e46e : notice : Closing log
Sun, 10 Jun 18 04:41:21 +0000 : MySQLDB.php : 5b1cabf187d94 : notice : connected to server
Sun, 10 Jun 18 04:41:21 +0000 : MySQLDB.php : 5b1cabf187d94 : notice : Closing log
Sun, 10 Jun 18 04:41:38 +0000 : MySQLDB.php : 5b1cac022f754 : notice : connected to server
Sun, 10 Jun 18 04:41:38 +0000 : MySQLDB.php : 5b1cac022f754 : notice : Closing log
Sun, 10 Jun 18 04:47:45 +0000 : MySQLDB.php : 5b1cad71d636a : notice : connected to server
Sun, 10 Jun 18 04:47:45 +0000 : MySQLDB.php : 5b1cad71d636a : notice : Closing log
Sun, 10 Jun 18 04:47:48 +0000 : MySQLDB.php : 5b1cad747591f : notice : connected to server
Sun, 10 Jun 18 04:47:48 +0000 : MySQLDB.php : 5b1cad747591f : notice : Closing log
Sun, 10 Jun 18 04:48:56 +0000 : MySQLDB.php : 5b1cadb8028be : notice : connected to server
Sun, 10 Jun 18 04:48:56 +0000 : MySQLDB.php : 5b1cadb8028be : notice : Closing log
Sun, 10 Jun 18 05:09:59 +0000 : MySQLDB.php : 5b1cb2a79d6b1 : notice : connected to server
Sun, 10 Jun 18 05:10:00 +0000 : MySQLDB.php : 5b1cb2a79d6b1 : notice : Closing log
Sun, 10 Jun 18 05:10:04 +0000 : MySQLDB.php : 5b1cb2ac7a15e : notice : connected to server
Sun, 10 Jun 18 05:10:04 +0000 : MySQLDB.php : 5b1cb2ac7a15e : notice : Closing log
Sun, 10 Jun 18 05:12:07 +0000 : MySQLDB.php : 5b1cb3272232d : notice : connected to server
Sun, 10 Jun 18 05:12:07 +0000 : MySQLDB.php : 5b1cb3272232d : notice : Closing log
Sun, 10 Jun 18 05:13:02 +0000 : MySQLDB.php : 5b1cb35e0eb3a : notice : connected to server
Sun, 10 Jun 18 05:13:02 +0000 : MySQLDB.php : 5b1cb35e0eb3a : notice : Closing log
Sun, 10 Jun 18 05:17:35 +0000 : MySQLDB.php : 5b1cb46ede9d1 : notice : connected to server
Sun, 10 Jun 18 05:17:35 +0000 : MySQLDB.php : 5b1cb46ede9d1 : notice : Closing log
Sun, 10 Jun 18 05:22:05 +0000 : MySQLDB.php : 5b1cb57d9926d : notice : connected to server
Sun, 10 Jun 18 05:22:05 +0000 : MySQLDB.php : 5b1cb57d9926d : notice : Closing log
Sun, 10 Jun 18 05:22:44 +0000 : MySQLDB.php : 5b1cb5a484746 : notice : connected to server
Sun, 10 Jun 18 05:22:44 +0000 : MySQLDB.php : 5b1cb5a484746 : notice : Closing log
Sun, 10 Jun 18 05:25:46 +0000 : MySQLDB.php : 5b1cb65ae210e : notice : connected to server
Sun, 10 Jun 18 05:25:47 +0000 : MySQLDB.php : 5b1cb65ae210e : notice : Closing log
Sun, 10 Jun 18 05:26:10 +0000 : MySQLDB.php : 5b1cb6722fec9 : notice : connected to server
Sun, 10 Jun 18 05:26:10 +0000 : MySQLDB.php : 5b1cb6722fec9 : notice : Closing log
Sun, 10 Jun 18 05:38:22 +0000 : MySQLDB.php : 5b1cb94ea3608 : notice : connected to server
Sun, 10 Jun 18 05:38:23 +0000 : MySQLDB.php : 5b1cb94ea3608 : notice : Closing log
Sun, 10 Jun 18 05:38:32 +0000 : MySQLDB.php : 5b1cb958467e6 : notice : connected to server
Sun, 10 Jun 18 05:38:32 +0000 : MySQLDB.php : 5b1cb958467e6 : notice : Closing log
Sun, 10 Jun 18 05:39:12 +0000 : MySQLDB.php : 5b1cb98060334 : notice : connected to server
Sun, 10 Jun 18 05:39:12 +0000 : MySQLDB.php : 5b1cb98060334 : notice : Closing log
Sun, 10 Jun 18 05:39:17 +0000 : MySQLDB.php : 5b1cb98500514 : notice : connected to server
Sun, 10 Jun 18 05:39:17 +0000 : MySQLDB.php : 5b1cb98500514 : notice : Closing log
Sun, 10 Jun 18 06:06:37 +0000 : MySQLDB.php : 5b1cbfe8f3dd9 : notice : connected to server
Sun, 10 Jun 18 06:06:39 +0000 : MySQLDB.php : 5b1cbfe8f3dd9 : notice : Closing log
Sun, 10 Jun 18 06:07:27 +0000 : MySQLDB.php : 5b1cc01f6d5f4 : notice : connected to server
Sun, 10 Jun 18 06:07:27 +0000 : MySQLDB.php : 5b1cc01f6d5f4 : notice : Closing log
Sun, 10 Jun 18 06:08:41 +0000 : MySQLDB.php : 5b1cc069e9759 : notice : connected to server
Sun, 10 Jun 18 06:08:42 +0000 : MySQLDB.php : 5b1cc069e9759 : notice : Closing log
Sun, 10 Jun 18 07:47:00 +0000 : MySQLDB.php : 5b1cd77450d51 : notice : connected to server
Sun, 10 Jun 18 07:47:00 +0000 : MySQLDB.php : 5b1cd77450d51 : notice : Closing log
Sun, 10 Jun 18 07:53:36 +0000 : MySQLDB.php : 5b1cd900bf950 : notice : connected to server
Sun, 10 Jun 18 07:53:37 +0000 : MySQLDB.php : 5b1cd900bf950 : notice : Closing log
Sun, 10 Jun 18 07:53:44 +0000 : MySQLDB.php : 5b1cd908da47d : notice : connected to server
Sun, 10 Jun 18 07:53:44 +0000 : MySQLDB.php : 5b1cd908da47d : notice : Closing log
Sun, 10 Jun 18 07:55:42 +0000 : MySQLDB.php : 5b1cd97e0aebe : notice : connected to server
Sun, 10 Jun 18 07:55:42 +0000 : MySQLDB.php : 5b1cd97e0aebe : notice : Closing log
Sun, 10 Jun 18 07:55:44 +0000 : MySQLDB.php : 5b1cd9808489d : notice : connected to server
Sun, 10 Jun 18 07:55:44 +0000 : MySQLDB.php : 5b1cd9808489d : notice : Closing log
Sun, 10 Jun 18 08:04:27 +0000 : MySQLDB.php : 5b1cdb8ba4806 : notice : connected to server
Sun, 10 Jun 18 08:04:28 +0000 : MySQLDB.php : 5b1cdb8ba4806 : notice : Closing log
Sun, 10 Jun 18 09:14:45 +0000 : MySQLDB.php : 5b1cec04e4463 : notice : connected to server
Sun, 10 Jun 18 09:14:45 +0000 : MySQLDB.php : 5b1cec04e4463 : notice : Closing log
Sun, 10 Jun 18 09:15:50 +0000 : MySQLDB.php : 5b1cec4637d8a : notice : connected to server
Sun, 10 Jun 18 09:15:50 +0000 : MySQLDB.php : 5b1cec4637d8a : notice : Closing log
Sun, 10 Jun 18 09:17:47 +0000 : MySQLDB.php : 5b1cecbb76465 : notice : connected to server
Sun, 10 Jun 18 09:17:47 +0000 : MySQLDB.php : 5b1cecbb76465 : notice : Closing log
Sun, 10 Jun 18 09:17:51 +0000 : MySQLDB.php : 5b1cecbf0aa88 : notice : connected to server
Sun, 10 Jun 18 09:17:51 +0000 : MySQLDB.php : 5b1cecbf0aa88 : notice : Closing log
Sun, 10 Jun 18 09:19:33 +0000 : MySQLDB.php : 5b1ced24cbf96 : notice : connected to server
Sun, 10 Jun 18 09:19:33 +0000 : MySQLDB.php : 5b1ced24cbf96 : notice : Closing log
Sun, 10 Jun 18 09:20:19 +0000 : MySQLDB.php : 5b1ced530764c : notice : connected to server
Sun, 10 Jun 18 09:20:19 +0000 : MySQLDB.php : 5b1ced530764c : notice : Closing log
Sun, 10 Jun 18 09:21:03 +0000 : MySQLDB.php : 5b1ced7eb8869 : notice : connected to server
Sun, 10 Jun 18 09:21:03 +0000 : MySQLDB.php : 5b1ced7eb8869 : notice : Closing log
Sun, 10 Jun 18 09:21:55 +0000 : MySQLDB.php : 5b1cedb39a40e : notice : connected to server
Sun, 10 Jun 18 09:21:55 +0000 : MySQLDB.php : 5b1cedb39a40e : notice : Closing log
Sun, 10 Jun 18 09:21:59 +0000 : MySQLDB.php : 5b1cedb7bfe8b : notice : connected to server
Sun, 10 Jun 18 09:21:59 +0000 : MySQLDB.php : 5b1cedb7bfe8b : notice : Closing log
Sun, 10 Jun 18 09:22:26 +0000 : MySQLDB.php : 5b1cedd2a955e : notice : connected to server
Sun, 10 Jun 18 09:22:26 +0000 : MySQLDB.php : 5b1cedd2a955e : notice : Closing log
Sun, 10 Jun 18 09:23:15 +0000 : MySQLDB.php : 5b1cee030e3fd : notice : connected to server
Sun, 10 Jun 18 09:23:15 +0000 : MySQLDB.php : 5b1cee030e3fd : notice : Closing log
Sun, 10 Jun 18 09:23:22 +0000 : MySQLDB.php : 5b1cee0aa00cb : notice : connected to server
Sun, 10 Jun 18 09:23:22 +0000 : MySQLDB.php : 5b1cee0aa00cb : notice : Closing log
Sun, 10 Jun 18 09:28:11 +0000 : MySQLDB.php : 5b1cef2ba87af : notice : connected to server
Sun, 10 Jun 18 09:28:11 +0000 : MySQLDB.php : 5b1cef2ba87af : notice : Closing log
Sun, 10 Jun 18 09:29:03 +0000 : MySQLDB.php : 5b1cef5f0bf00 : notice : connected to server
Sun, 10 Jun 18 09:29:03 +0000 : MySQLDB.php : 5b1cef5f0bf00 : notice : Closing log
Sun, 10 Jun 18 09:29:39 +0000 : MySQLDB.php : 5b1cef83c5608 : notice : connected to server
Sun, 10 Jun 18 09:29:40 +0000 : MySQLDB.php : 5b1cef83c5608 : notice : Closing log
Sun, 10 Jun 18 09:30:07 +0000 : MySQLDB.php : 5b1cef9f02b04 : notice : connected to server
Sun, 10 Jun 18 09:30:07 +0000 : MySQLDB.php : 5b1cef9f02b04 : notice : Closing log
Sun, 10 Jun 18 09:36:08 +0000 : MySQLDB.php : 5b1cf10866f33 : notice : connected to server
Sun, 10 Jun 18 09:36:08 +0000 : MySQLDB.php : 5b1cf10866f33 : notice : Closing log
Sun, 10 Jun 18 09:44:28 +0000 : MySQLDB.php : 5b1cf2fbf1461 : notice : connected to server
Sun, 10 Jun 18 09:44:28 +0000 : MySQLDB.php : 5b1cf2fbf1461 : notice : Closing log
Sun, 10 Jun 18 09:45:40 +0000 : MySQLDB.php : 5b1cf344a1b8d : notice : connected to server
Sun, 10 Jun 18 09:45:40 +0000 : MySQLDB.php : 5b1cf344a1b8d : notice : Closing log
Sun, 10 Jun 18 09:46:14 +0000 : MySQLDB.php : 5b1cf36685a18 : notice : connected to server
Sun, 10 Jun 18 09:46:14 +0000 : MySQLDB.php : 5b1cf36685a18 : notice : Closing log
Sun, 10 Jun 18 09:46:43 +0000 : MySQLDB.php : 5b1cf383ddee7 : notice : connected to server
Sun, 10 Jun 18 09:46:43 +0000 : MySQLDB.php : 5b1cf383ddee7 : notice : Closing log
Sun, 10 Jun 18 09:47:21 +0000 : MySQLDB.php : 5b1cf3a945b46 : notice : connected to server
Sun, 10 Jun 18 09:47:21 +0000 : MySQLDB.php : 5b1cf3a945b46 : notice : Closing log
Sun, 10 Jun 18 09:48:56 +0000 : MySQLDB.php : 5b1cf408049f0 : notice : connected to server
Sun, 10 Jun 18 09:48:56 +0000 : MySQLDB.php : 5b1cf408049f0 : notice : Closing log
Sun, 10 Jun 18 09:53:47 +0000 : MySQLDB.php : 5b1cf52b12540 : notice : connected to server
Sun, 10 Jun 18 09:53:47 +0000 : MySQLDB.php : 5b1cf52b12540 : notice : Closing log
Sun, 10 Jun 18 09:54:09 +0000 : MySQLDB.php : 5b1cf5415f8b5 : notice : connected to server
Sun, 10 Jun 18 09:54:09 +0000 : MySQLDB.php : 5b1cf5415f8b5 : notice : Closing log
Sun, 10 Jun 18 09:54:12 +0000 : MySQLDB.php : 5b1cf5440f41d : notice : connected to server
Sun, 10 Jun 18 09:54:12 +0000 : MySQLDB.php : 5b1cf5440f41d : notice : Closing log
Sun, 10 Jun 18 09:56:07 +0000 : MySQLDB.php : 5b1cf5b7beaa7 : notice : connected to server
Sun, 10 Jun 18 09:56:07 +0000 : MySQLDB.php : 5b1cf5b7beaa7 : notice : Closing log
Sun, 10 Jun 18 09:56:15 +0000 : MySQLDB.php : 5b1cf5bf502cf : notice : connected to server
Sun, 10 Jun 18 09:56:16 +0000 : MySQLDB.php : 5b1cf5bf502cf : notice : Closing log
Sun, 10 Jun 18 09:56:24 +0000 : MySQLDB.php : 5b1cf5c7dab91 : notice : connected to server
Sun, 10 Jun 18 09:56:24 +0000 : MySQLDB.php : 5b1cf5c7dab91 : notice : Closing log
Sun, 10 Jun 18 10:00:17 +0000 : MySQLDB.php : 5b1cf6b17e918 : notice : connected to server
Sun, 10 Jun 18 10:00:17 +0000 : MySQLDB.php : 5b1cf6b17e918 : notice : Closing log
Sun, 10 Jun 18 21:50:08 +0000 : MySQLDB.php : 5b1d9d0f567c0 : notice : connected to server
Sun, 10 Jun 18 21:52:04 +0000 : MySQLDB.php : 5b1d9d8496574 : notice : connected to server
Sun, 10 Jun 18 22:04:12 +0000 : MySQLDB.php : 5b1da05ca07d8 : notice : connected to server
Sun, 10 Jun 18 22:04:13 +0000 : MySQLDB.php : 5b1da05ca07d8 : notice : Closing log
Sun, 10 Jun 18 22:04:49 +0000 : MySQLDB.php : 5b1da0816977a : notice : connected to server
Sun, 10 Jun 18 22:04:49 +0000 : MySQLDB.php : 5b1da0816977a : notice : Closing log
Sun, 10 Jun 18 22:05:04 +0000 : MySQLDB.php : 5b1da09091fa7 : notice : connected to server
Sun, 10 Jun 18 22:05:04 +0000 : MySQLDB.php : 5b1da09091fa7 : notice : Closing log
Sun, 10 Jun 18 22:05:09 +0000 : MySQLDB.php : 5b1da0957932f : notice : connected to server
Sun, 10 Jun 18 22:05:09 +0000 : MySQLDB.php : 5b1da0957932f : notice : Closing log
Sun, 10 Jun 18 23:03:39 +0000 : MySQLDB.php : 5b1dae4b232be : notice : connected to server
Sun, 10 Jun 18 23:03:39 +0000 : MySQLDB.php : 5b1dae4b232be : notice : Closing log
Sun, 10 Jun 18 23:07:12 +0000 : MySQLDB.php : 5b1daf2083d60 : notice : connected to server
Sun, 10 Jun 18 23:07:12 +0000 : MySQLDB.php : 5b1daf2083d60 : notice : Closing log
Sun, 10 Jun 18 23:07:27 +0000 : MySQLDB.php : 5b1daf2f4d39c : notice : connected to server
Sun, 10 Jun 18 23:07:27 +0000 : MySQLDB.php : 5b1daf2f4d39c : notice : Closing log
Sun, 10 Jun 18 23:08:26 +0000 : MySQLDB.php : 5b1daf6a464af : notice : connected to server
Sun, 10 Jun 18 23:08:26 +0000 : MySQLDB.php : 5b1daf6a464af : notice : Closing log
Sun, 10 Jun 18 23:09:35 +0000 : MySQLDB.php : 5b1dafaf230c2 : notice : connected to server
Sun, 10 Jun 18 23:09:35 +0000 : MySQLDB.php : 5b1dafaf230c2 : notice : Closing log
Sun, 10 Jun 18 23:20:53 +0000 : MySQLDB.php : 5b1db254f0f2c : notice : connected to server
Sun, 10 Jun 18 23:20:53 +0000 : MySQLDB.php : 5b1db254f0f2c : notice : Closing log
Sun, 10 Jun 18 23:21:08 +0000 : MySQLDB.php : 5b1db264c0620 : notice : connected to server
Sun, 10 Jun 18 23:21:08 +0000 : MySQLDB.php : 5b1db264c0620 : notice : Closing log
Sun, 10 Jun 18 23:21:19 +0000 : MySQLDB.php : 5b1db26fa8714 : notice : connected to server
Sun, 10 Jun 18 23:21:19 +0000 : MySQLDB.php : 5b1db26fa8714 : notice : Closing log
Sun, 10 Jun 18 23:21:36 +0000 : MySQLDB.php : 5b1db28049785 : notice : connected to server
Sun, 10 Jun 18 23:21:36 +0000 : MySQLDB.php : 5b1db28049785 : notice : Closing log
Sun, 10 Jun 18 23:22:45 +0000 : MySQLDB.php : 5b1db2c50b110 : notice : connected to server
Sun, 10 Jun 18 23:22:45 +0000 : MySQLDB.php : 5b1db2c50b110 : notice : Closing log
Sun, 10 Jun 18 23:25:57 +0000 : MySQLDB.php : 5b1db38595da0 : notice : connected to server
Sun, 10 Jun 18 23:25:57 +0000 : MySQLDB.php : 5b1db38595da0 : notice : Closing log
Sun, 10 Jun 18 23:26:47 +0000 : MySQLDB.php : 5b1db3b75eb4b : notice : connected to server
Sun, 10 Jun 18 23:26:47 +0000 : MySQLDB.php : 5b1db3b75eb4b : notice : Closing log
Sun, 10 Jun 18 23:26:56 +0000 : MySQLDB.php : 5b1db3c0c5146 : notice : connected to server
Sun, 10 Jun 18 23:26:56 +0000 : MySQLDB.php : 5b1db3c0c5146 : notice : Closing log
Sun, 10 Jun 18 23:27:22 +0000 : MySQLDB.php : 5b1db3dad4f2a : notice : connected to server
Sun, 10 Jun 18 23:27:22 +0000 : MySQLDB.php : 5b1db3dad4f2a : notice : Closing log
Sun, 10 Jun 18 23:27:57 +0000 : MySQLDB.php : 5b1db3fd26986 : notice : connected to server
Sun, 10 Jun 18 23:27:57 +0000 : MySQLDB.php : 5b1db3fd26986 : notice : Closing log
Sun, 10 Jun 18 23:28:51 +0000 : MySQLDB.php : 5b1db4331f220 : notice : connected to server
Sun, 10 Jun 18 23:28:51 +0000 : MySQLDB.php : 5b1db4331f220 : notice : Closing log
Sun, 10 Jun 18 23:30:18 +0000 : MySQLDB.php : 5b1db48a1c93d : notice : connected to server
Sun, 10 Jun 18 23:30:18 +0000 : MySQLDB.php : 5b1db48a1c93d : notice : Closing log
Sun, 10 Jun 18 23:30:40 +0000 : MySQLDB.php : 5b1db4a001ae7 : notice : connected to server
Sun, 10 Jun 18 23:30:40 +0000 : MySQLDB.php : 5b1db4a001ae7 : notice : Closing log
Sun, 10 Jun 18 23:30:46 +0000 : MySQLDB.php : 5b1db4a684d2e : notice : connected to server
Sun, 10 Jun 18 23:30:46 +0000 : MySQLDB.php : 5b1db4a684d2e : notice : Closing log
Sun, 10 Jun 18 23:30:58 +0000 : MySQLDB.php : 5b1db4b262c51 : notice : connected to server
Sun, 10 Jun 18 23:30:58 +0000 : MySQLDB.php : 5b1db4b262c51 : notice : Closing log
Sun, 10 Jun 18 23:31:20 +0000 : MySQLDB.php : 5b1db4c88acf8 : notice : connected to server
Sun, 10 Jun 18 23:31:20 +0000 : MySQLDB.php : 5b1db4c88acf8 : notice : Closing log
Sun, 10 Jun 18 23:31:57 +0000 : MySQLDB.php : 5b1db4edbb8d5 : notice : connected to server
Sun, 10 Jun 18 23:31:57 +0000 : MySQLDB.php : 5b1db4edbb8d5 : notice : Closing log
Sun, 10 Jun 18 23:32:00 +0000 : MySQLDB.php : 5b1db4f07c79e : notice : connected to server
Sun, 10 Jun 18 23:32:00 +0000 : MySQLDB.php : 5b1db4f07c79e : notice : Closing log
Sun, 10 Jun 18 23:33:26 +0000 : MySQLDB.php : 5b1db5461d2e9 : notice : connected to server
Sun, 10 Jun 18 23:33:26 +0000 : MySQLDB.php : 5b1db5461d2e9 : notice : Closing log
Sun, 10 Jun 18 23:33:32 +0000 : MySQLDB.php : 5b1db54cc4a8c : notice : connected to server
Sun, 10 Jun 18 23:33:32 +0000 : MySQLDB.php : 5b1db54cc4a8c : notice : Closing log
Sun, 10 Jun 18 23:33:44 +0000 : MySQLDB.php : 5b1db5588801f : notice : connected to server
Sun, 10 Jun 18 23:33:44 +0000 : MySQLDB.php : 5b1db5588801f : notice : Closing log
Sun, 10 Jun 18 23:33:50 +0000 : MySQLDB.php : 5b1db55e0f231 : notice : connected to server
Sun, 10 Jun 18 23:33:50 +0000 : MySQLDB.php : 5b1db55e0f231 : notice : Closing log
Sun, 10 Jun 18 23:33:59 +0000 : MySQLDB.php : 5b1db5674605c : notice : connected to server
Sun, 10 Jun 18 23:33:59 +0000 : MySQLDB.php : 5b1db5674605c : notice : Closing log
Sun, 10 Jun 18 23:34:11 +0000 : MySQLDB.php : 5b1db57324a67 : notice : connected to server
Sun, 10 Jun 18 23:34:11 +0000 : MySQLDB.php : 5b1db57324a67 : notice : Closing log
Sun, 10 Jun 18 23:34:16 +0000 : MySQLDB.php : 5b1db578991fc : notice : connected to server
Sun, 10 Jun 18 23:34:16 +0000 : MySQLDB.php : 5b1db578991fc : notice : Closing log
Sun, 10 Jun 18 23:35:23 +0000 : MySQLDB.php : 5b1db5bbd94eb : notice : connected to server
Sun, 10 Jun 18 23:35:23 +0000 : MySQLDB.php : 5b1db5bbd94eb : notice : Closing log
Sun, 10 Jun 18 23:35:29 +0000 : MySQLDB.php : 5b1db5c1d5489 : notice : connected to server
Sun, 10 Jun 18 23:35:29 +0000 : MySQLDB.php : 5b1db5c1d5489 : notice : Closing log
Sun, 10 Jun 18 23:35:41 +0000 : MySQLDB.php : 5b1db5cd8ff40 : notice : connected to server
Sun, 10 Jun 18 23:35:41 +0000 : MySQLDB.php : 5b1db5cd8ff40 : notice : Closing log
Sun, 10 Jun 18 23:35:49 +0000 : MySQLDB.php : 5b1db5d5193ca : notice : connected to server
Sun, 10 Jun 18 23:35:49 +0000 : MySQLDB.php : 5b1db5d5193ca : notice : Closing log
Sun, 10 Jun 18 23:36:05 +0000 : MySQLDB.php : 5b1db5e5cf5bd : notice : connected to server
Sun, 10 Jun 18 23:36:05 +0000 : MySQLDB.php : 5b1db5e5cf5bd : notice : Closing log
Sun, 10 Jun 18 23:36:55 +0000 : MySQLDB.php : 5b1db617e6af9 : notice : connected to server
Sun, 10 Jun 18 23:36:55 +0000 : MySQLDB.php : 5b1db617e6af9 : notice : Closing log
Sun, 10 Jun 18 23:37:02 +0000 : MySQLDB.php : 5b1db61e3a6dc : notice : connected to server
Sun, 10 Jun 18 23:37:02 +0000 : MySQLDB.php : 5b1db61e3a6dc : notice : Closing log
Sun, 10 Jun 18 23:37:07 +0000 : MySQLDB.php : 5b1db62371fb2 : notice : connected to server
Sun, 10 Jun 18 23:37:07 +0000 : MySQLDB.php : 5b1db62371fb2 : notice : Closing log
Sun, 10 Jun 18 23:37:13 +0000 : MySQLDB.php : 5b1db6293df19 : notice : connected to server
Sun, 10 Jun 18 23:37:13 +0000 : MySQLDB.php : 5b1db6293df19 : notice : Closing log
Sun, 10 Jun 18 23:37:24 +0000 : MySQLDB.php : 5b1db63403910 : notice : connected to server
Sun, 10 Jun 18 23:37:24 +0000 : MySQLDB.php : 5b1db63403910 : notice : Closing log
Sun, 10 Jun 18 23:37:43 +0000 : MySQLDB.php : 5b1db6477a1f3 : notice : connected to server
Sun, 10 Jun 18 23:37:43 +0000 : MySQLDB.php : 5b1db6477a1f3 : notice : Closing log
Sun, 10 Jun 18 23:37:50 +0000 : MySQLDB.php : 5b1db64e9092c : notice : connected to server
Sun, 10 Jun 18 23:37:50 +0000 : MySQLDB.php : 5b1db64e9092c : notice : Closing log
Sun, 10 Jun 18 23:38:14 +0000 : MySQLDB.php : 5b1db66613d94 : notice : connected to server
Sun, 10 Jun 18 23:38:14 +0000 : MySQLDB.php : 5b1db66613d94 : notice : Closing log
Sun, 10 Jun 18 23:39:49 +0000 : MySQLDB.php : 5b1db6c53795e : notice : connected to server
Sun, 10 Jun 18 23:39:49 +0000 : MySQLDB.php : 5b1db6c53795e : notice : Closing log
Sun, 10 Jun 18 23:39:55 +0000 : MySQLDB.php : 5b1db6cb9d34a : notice : connected to server
Sun, 10 Jun 18 23:39:55 +0000 : MySQLDB.php : 5b1db6cb9d34a : notice : Closing log
Sun, 10 Jun 18 23:40:09 +0000 : MySQLDB.php : 5b1db6d925393 : notice : connected to server
Sun, 10 Jun 18 23:40:09 +0000 : MySQLDB.php : 5b1db6d925393 : notice : Closing log
Sun, 10 Jun 18 23:40:15 +0000 : MySQLDB.php : 5b1db6df4a438 : notice : connected to server
Sun, 10 Jun 18 23:40:15 +0000 : MySQLDB.php : 5b1db6df4a438 : notice : Closing log
Sun, 10 Jun 18 23:40:31 +0000 : MySQLDB.php : 5b1db6ef57ba7 : notice : connected to server
Sun, 10 Jun 18 23:40:31 +0000 : MySQLDB.php : 5b1db6ef57ba7 : notice : Closing log
Sun, 10 Jun 18 23:40:34 +0000 : MySQLDB.php : 5b1db6f2a3892 : notice : connected to server
Sun, 10 Jun 18 23:40:34 +0000 : MySQLDB.php : 5b1db6f2a3892 : notice : Closing log
Sun, 10 Jun 18 23:40:38 +0000 : MySQLDB.php : 5b1db6f6df47d : notice : connected to server
Sun, 10 Jun 18 23:40:38 +0000 : MySQLDB.php : 5b1db6f6df47d : notice : Closing log
Sun, 10 Jun 18 23:40:56 +0000 : MySQLDB.php : 5b1db7080eb8d : notice : connected to server
Sun, 10 Jun 18 23:40:56 +0000 : MySQLDB.php : 5b1db7080eb8d : notice : Closing log
Sun, 10 Jun 18 23:41:48 +0000 : MySQLDB.php : 5b1db73cd282b : notice : connected to server
Sun, 10 Jun 18 23:41:48 +0000 : MySQLDB.php : 5b1db73cd282b : notice : Closing log
Sun, 10 Jun 18 23:41:53 +0000 : MySQLDB.php : 5b1db741f035d : notice : connected to server
Sun, 10 Jun 18 23:41:54 +0000 : MySQLDB.php : 5b1db741f035d : notice : Closing log
Sun, 10 Jun 18 23:42:58 +0000 : MySQLDB.php : 5b1db782c6db1 : notice : connected to server
Sun, 10 Jun 18 23:42:58 +0000 : MySQLDB.php : 5b1db782c6db1 : notice : Closing log
Sun, 10 Jun 18 23:43:03 +0000 : MySQLDB.php : 5b1db7879d539 : notice : connected to server
Sun, 10 Jun 18 23:43:03 +0000 : MySQLDB.php : 5b1db7879d539 : notice : Closing log
Sun, 10 Jun 18 23:43:12 +0000 : MySQLDB.php : 5b1db790c07a8 : notice : connected to server
Sun, 10 Jun 18 23:43:12 +0000 : MySQLDB.php : 5b1db790c07a8 : notice : Closing log
Sun, 10 Jun 18 23:43:18 +0000 : MySQLDB.php : 5b1db796aa3ef : notice : connected to server
Sun, 10 Jun 18 23:43:18 +0000 : MySQLDB.php : 5b1db796aa3ef : notice : Closing log
Sun, 10 Jun 18 23:43:40 +0000 : MySQLDB.php : 5b1db7acbfa27 : notice : connected to server
Sun, 10 Jun 18 23:43:40 +0000 : MySQLDB.php : 5b1db7acbfa27 : notice : Closing log
Sun, 10 Jun 18 23:43:55 +0000 : MySQLDB.php : 5b1db7bbbf5a0 : notice : connected to server
Sun, 10 Jun 18 23:43:55 +0000 : MySQLDB.php : 5b1db7bbbf5a0 : notice : Closing log
Sun, 10 Jun 18 23:44:20 +0000 : MySQLDB.php : 5b1db7d4afea5 : notice : connected to server
Sun, 10 Jun 18 23:44:20 +0000 : MySQLDB.php : 5b1db7d4afea5 : notice : Closing log
Sun, 10 Jun 18 23:44:47 +0000 : MySQLDB.php : 5b1db7ef5adfb : notice : connected to server
Sun, 10 Jun 18 23:44:47 +0000 : MySQLDB.php : 5b1db7ef5adfb : notice : Closing log
Sun, 10 Jun 18 23:45:37 +0000 : MySQLDB.php : 5b1db8211bef4 : notice : connected to server
Sun, 10 Jun 18 23:45:37 +0000 : MySQLDB.php : 5b1db8211bef4 : notice : Closing log
Sun, 10 Jun 18 23:46:27 +0000 : MySQLDB.php : 5b1db853c0419 : notice : connected to server
Sun, 10 Jun 18 23:46:27 +0000 : MySQLDB.php : 5b1db853c0419 : notice : Closing log
Sun, 10 Jun 18 23:48:02 +0000 : MySQLDB.php : 5b1db8b20494a : notice : connected to server
Sun, 10 Jun 18 23:48:02 +0000 : MySQLDB.php : 5b1db8b20494a : notice : Closing log
Sun, 10 Jun 18 23:50:23 +0000 : MySQLDB.php : 5b1db93f74046 : notice : connected to server
Sun, 10 Jun 18 23:50:23 +0000 : MySQLDB.php : 5b1db93f74046 : notice : Closing log
Sun, 10 Jun 18 23:55:32 +0000 : MySQLDB.php : 5b1dba7406a45 : notice : connected to server
Sun, 10 Jun 18 23:55:32 +0000 : MySQLDB.php : 5b1dba7406a45 : notice : Closing log
Sun, 10 Jun 18 23:55:42 +0000 : MySQLDB.php : 5b1dba7e0fe7d : notice : connected to server
Sun, 10 Jun 18 23:55:42 +0000 : MySQLDB.php : 5b1dba7e0fe7d : notice : Closing log
Sun, 10 Jun 18 23:56:01 +0000 : MySQLDB.php : 5b1dba9110609 : notice : connected to server
Sun, 10 Jun 18 23:56:01 +0000 : MySQLDB.php : 5b1dba9110609 : notice : Closing log
Sun, 10 Jun 18 23:56:07 +0000 : MySQLDB.php : 5b1dba978e76a : notice : connected to server
Sun, 10 Jun 18 23:56:07 +0000 : MySQLDB.php : 5b1dba978e76a : notice : Closing log
Sun, 10 Jun 18 23:56:39 +0000 : MySQLDB.php : 5b1dbab75aa50 : notice : connected to server
Sun, 10 Jun 18 23:56:39 +0000 : MySQLDB.php : 5b1dbab75aa50 : notice : Closing log
Sun, 10 Jun 18 23:58:09 +0000 : MySQLDB.php : 5b1dbb11009ab : notice : connected to server
Sun, 10 Jun 18 23:58:09 +0000 : MySQLDB.php : 5b1dbb11009ab : notice : Closing log
Sun, 10 Jun 18 23:58:27 +0000 : MySQLDB.php : 5b1dbb238c98d : notice : connected to server
Sun, 10 Jun 18 23:58:27 +0000 : MySQLDB.php : 5b1dbb238c98d : notice : Closing log
Sun, 10 Jun 18 23:58:33 +0000 : MySQLDB.php : 5b1dbb2916a79 : notice : connected to server
Sun, 10 Jun 18 23:58:33 +0000 : MySQLDB.php : 5b1dbb2916a79 : notice : Closing log
